<?xml version="1.0" encoding="UTF-8"?>
<!-- Generated by org.testng.reporters.JUnitXMLReporter -->
<testsuite ignored="0" hostname="LAP_S_073" failures="1" tests="1" name="SilverInsuranceTest" time="27.781" errors="0" timestamp="2025-07-17T22:40:34 IST">
  <testcase classname="com.TestNGDemo.TricenticsSilverParameter" name="AutomobileInsurance" time="5.872">
    <failure type="java.lang.AssertionError" message="expected [244.00] but found []">
      <![CDATA[java.lang.AssertionError: expected [244.00] but found []
at com.TestNGDemo.TricenticsSilverParameter.AutomobileInsurance(TricenticsSilverParameter.java:97)
at java.base/java.util.ArrayList.forEach(ArrayList.java:1604)
... Removed 31 stack frames]]>
    </failure>
  </testcase> <!-- AutomobileInsurance -->
</testsuite> <!-- SilverInsuranceTest -->
